\BOOKMARK [0][-]{chapter*.1}{\376\377\000A\000b\000s\000t\000r\000a\000c\000t}{}% 1
\BOOKMARK [0][-]{chapter*.3}{\376\377\000W\000h\000a\000t\000\040\000i\000s\000\040\000p\000r\000o\000v\000e\000d\000,\000\040\000a\000s\000s\000u\000m\000e\000d\000,\000\040\000a\000n\000d\000\040\000o\000p\000e\000n}{}% 2
\BOOKMARK [0][-]{chapter*.8}{\376\377\000N\000o\000t\000a\000t\000i\000o\000n\000\040\000a\000n\000d\000\040\000c\000o\000n\000v\000e\000n\000t\000i\000o\000n\000s}{}% 3
\BOOKMARK [0][-]{chapter.1}{\376\377\000I\000n\000t\000r\000o\000d\000u\000c\000t\000i\000o\000n}{}% 4
\BOOKMARK [1][-]{section.1.1}{\376\377\000W\000h\000a\000t\000\040\000t\000h\000i\000s\000\040\000w\000o\000r\000k\000\040\000s\000e\000e\000k\000s}{chapter.1}% 5
\BOOKMARK [1][-]{section.1.2}{\376\377\000W\000h\000y\000\040\000C\000l\000\050\0003\000,\0003\000\051\000,\000\040\000a\000n\000d\000\040\000n\000o\000t\000\040\000t\000h\000e\000\040\000a\000l\000t\000e\000r\000n\000a\000t\000i\000v\000e\000s}{chapter.1}% 6
\BOOKMARK [1][-]{section.1.3}{\376\377\000T\000h\000e\000\040\000p\000h\000y\000s\000i\000c\000a\000l\000\040\000p\000i\000c\000t\000u\000r\000e}{chapter.1}% 7
\BOOKMARK [1][-]{section.1.4}{\376\377\000M\000e\000t\000h\000o\000d\000o\000l\000o\000g\000y}{chapter.1}% 8
\BOOKMARK [1][-]{section.1.5}{\376\377\000S\000u\000m\000m\000a\000r\000y\000\040\000o\000f\000\040\000p\000r\000i\000n\000c\000i\000p\000a\000l\000\040\000r\000e\000s\000u\000l\000t\000s}{chapter.1}% 9
\BOOKMARK [1][-]{section.1.6}{\376\377\000A\000r\000c\000h\000i\000t\000e\000c\000t\000u\000r\000e\000\040\000o\000f\000\040\000t\000h\000e\000\040\000m\000o\000n\000o\000g\000r\000a\000p\000h}{chapter.1}% 10
\BOOKMARK [0][-]{chapter.2}{\376\377\000T\000h\000e\000\040\000a\000l\000g\000e\000b\000r\000a\000i\000c\000\040\000f\000o\000u\000n\000d\000a\000t\000i\000o\000n}{}% 11
\BOOKMARK [1][-]{section.2.1}{\376\377\000T\000h\000e\000\040\000a\000l\000g\000e\000b\000r\000a\000\040\000a\000n\000d\000\040\000i\000t\000s\000\040\000r\000e\000a\000l\000\040\000r\000e\000p\000r\000e\000s\000e\000n\000t\000a\000t\000i\000o\000n}{chapter.2}% 12
\BOOKMARK [1][-]{section.2.2}{\376\377\000T\000h\000e\000\040\000p\000a\000r\000a\000-\000K\000\344\000h\000l\000e\000r\000\040\000s\000t\000r\000u\000c\000t\000u\000r\000e}{chapter.2}% 13
\BOOKMARK [1][-]{section.2.3}{\376\377\000T\000h\000e\000\040\000o\000c\000t\000a\000n\000t\000\040\000g\000r\000o\000u\000p\000\040\000a\000n\000d\000\040\000t\000h\000e\000\040\000p\000o\000l\000e\000s}{chapter.2}% 14
\BOOKMARK [1][-]{section.2.4}{\376\377\000T\000h\000e\000\040\000k\000e\000r\000n\000e\000l\000\040\000a\000n\000d\000\040\000t\000h\000e\000\040\000s\000u\000r\000p\000l\000u\000s\000\040\000t\000i\000m\000e\000s}{chapter.2}% 15
\BOOKMARK [1][-]{section.2.5}{\376\377\000T\000h\000e\000\040\000p\000s\000e\000u\000d\000o\000s\000c\000a\000l\000a\000r\000\040\000a\000n\000d\000\040\000H\000o\000d\000g\000e\000\040\000d\000u\000a\000l\000i\000t\000y}{chapter.2}% 16
\BOOKMARK [1][-]{section.2.6}{\376\377\000T\000h\000e\000\040\000o\000r\000t\000h\000o\000g\000o\000n\000a\000l\000\040\000a\000l\000g\000e\000b\000r\000a\000\040\000a\000n\000d\000\040\000i\000t\000s\000\040\000b\000i\000f\000u\000r\000c\000a\000t\000i\000o\000n}{chapter.2}% 17
\BOOKMARK [0][-]{chapter.3}{\376\377\000T\000h\000e\000\040\000s\000p\000l\000i\000t\000\040\000m\000a\000n\000i\000f\000o\000l\000d\000\040\000a\000n\000d\000\040\000t\000h\000e\000\040\000i\000n\000t\000e\000r\000i\000o\000r}{}% 18
\BOOKMARK [1][-]{section.3.1}{\376\377\000T\000h\000e\000\040\000m\000a\000n\000i\000f\000o\000l\000d}{chapter.3}% 19
\BOOKMARK [1][-]{section.3.2}{\376\377\000T\000h\000e\000\040\000i\000n\000t\000e\000r\000i\000o\000r\000\040\000p\000r\000o\000j\000e\000c\000t\000i\000o\000n}{chapter.3}% 20
\BOOKMARK [1][-]{section.3.3}{\376\377\000T\000h\000e\000\040\000t\000a\000s\000k\000s\000\040\000p\000e\000r\000f\000o\000r\000m\000e\000d\000\040\000b\000y\000\040\000t\000h\000e\000\040\000p\000r\000o\000j\000e\000c\000t\000i\000o\000n}{chapter.3}% 21
\BOOKMARK [1][-]{section.3.4}{\376\377\000L\000i\000m\000i\000t\000s\000\040\000o\000f\000\040\000t\000h\000e\000\040\000c\000o\000n\000s\000t\000r\000u\000c\000t\000i\000o\000n}{chapter.3}% 22
\BOOKMARK [0][-]{chapter.4}{\376\377\000G\000r\000a\000v\000i\000t\000y\000:\000\040\000t\000h\000e\000\040\000C\000a\000r\000t\000a\000n\040\023\000P\000a\000l\000a\000t\000i\000n\000i\000\040\000s\000e\000c\000t\000o\000r}{}% 23
\BOOKMARK [1][-]{section.4.1}{\376\377\000W\000h\000y\000\040\000f\000i\000r\000s\000t\000\040\000o\000r\000d\000e\000r\000,\000\040\000a\000n\000d\000\040\000w\000h\000y\000\040\000t\000h\000e\000\040\000b\000o\000o\000s\000t\000s\000\040\000c\000a\000n\000n\000o\000t\000\040\000p\000r\000o\000p\000a\000g\000a\000t\000e}{chapter.4}% 24
\BOOKMARK [1][-]{section.4.2}{\376\377\000T\000h\000e\000\040\000s\000i\000x\000-\000d\000i\000m\000e\000n\000s\000i\000o\000n\000a\000l\000\040\000P\000a\000l\000a\000t\000i\000n\000i\000\040\000a\000c\000t\000i\000o\000n}{chapter.4}% 25
\BOOKMARK [1][-]{section.4.3}{\376\377\000T\000h\000e\000\040\000s\000p\000l\000i\000t\000-\000\040\000c\000o\000n\000t\000r\000a\000c\000t\000i\000o\000n\000\040\000a\000n\000d\000\040\000t\000h\000e\000\040\000i\000n\000t\000e\000r\000i\000o\000r\000\040\000E\000i\000n\000s\000t\000e\000i\000n\000\040\000t\000e\000n\000s\000o\000r}{chapter.4}% 26
\BOOKMARK [1][-]{section.4.4}{\376\377\000T\000o\000r\000s\000i\000o\000n\000\040\000a\000n\000d\000\040\000m\000a\000t\000t\000e\000r}{chapter.4}% 27
\BOOKMARK [1][-]{section.4.5}{\376\377\000L\000i\000m\000i\000t\000s\000\040\000o\000f\000\040\000t\000h\000e\000\040\000g\000r\000a\000v\000i\000t\000a\000t\000i\000o\000n\000a\000l\000\040\000r\000e\000d\000u\000c\000t\000i\000o\000n}{chapter.4}% 28
\BOOKMARK [0][-]{chapter.5}{\376\377\000T\000h\000e\000\040\000g\000a\000u\000g\000e\000\040\000s\000e\000c\000t\000o\000r\000\040\000a\000n\000d\000\040\000t\000h\000e\000\040\000p\000h\000o\000t\000o\000n}{}% 29
\BOOKMARK [1][-]{section.5.1}{\376\377\000T\000h\000e\000\040\000c\000o\000m\000p\000a\000c\000t\000\040\000s\000e\000c\000t\000o\000r\000\040\000a\000s\000\040\000Y\000a\000n\000g\040\023\000M\000i\000l\000l\000s}{chapter.5}% 30
\BOOKMARK [1][-]{section.5.2}{\376\377\000T\000h\000e\000\040\000p\000h\000o\000t\000o\000n\000\040\000a\000s\000\040\000t\000h\000e\000\040\000s\000t\000a\000b\000i\000l\000i\000z\000e\000r\000\040\000o\000f\000\040\000t\000h\000e\000\040\000k\000e\000r\000n\000e\000l}{chapter.5}% 31
\BOOKMARK [1][-]{section.5.3}{\376\377\000B\000r\000e\000a\000k\000i\000n\000g\000\040\000s\000u\000\050\0002\000\051\000T\000U\000\050\0001\000\051\000J\000\040\000a\000n\000d\000\040\000t\000h\000e\000\040\000w\000e\000a\000k\000\040\000b\000o\000s\000o\000n\000s}{chapter.5}% 32
\BOOKMARK [1][-]{section.5.4}{\376\377\000T\000h\000e\000\040\000c\000o\000u\000p\000l\000i\000n\000g\000\040\000c\000h\000a\000i\000n\000\040\000a\000n\000d\000\040\000t\000h\000e\000\040\000s\000i\000n\000g\000l\000e\000\040\000u\000n\000k\000n\000o\000w\000n}{chapter.5}% 33
\BOOKMARK [1][-]{section.5.5}{\376\377\000T\000h\000e\000\040\000m\000i\000x\000e\000d\000\040\000o\000c\000t\000a\000n\000t\000s\000\040\000a\000s\000\040\000f\000i\000e\000l\000d\000\040\000o\000c\000t\000a\000n\000t\000s}{chapter.5}% 34
\BOOKMARK [1][-]{section.5.6}{\376\377\000T\000h\000e\000\040\000o\000c\000t\000a\000n\000t\040\023\000f\000i\000e\000l\000d\000\040\000b\000i\000j\000e\000c\000t\000i\000o\000n}{chapter.5}% 35
\BOOKMARK [1][-]{section.5.7}{\376\377\000E\000=\000c\000B\000\040\000a\000s\000\040\000a\000\040\000r\000e\000g\000u\000l\000a\000t\000o\000r\000\040\000c\000o\000u\000n\000t}{chapter.5}% 36
\BOOKMARK [1][-]{section.5.8}{\376\377\000T\000h\000e\000\040\000e\000x\000p\000l\000i\000c\000i\000t\000\040\000f\000i\000e\000l\000d\000\040\000c\000o\000m\000p\000o\000n\000e\000n\000t\000s\000\040\000a\000n\000d\000\040\000M\000a\000x\000w\000e\000l\000l\000'\000s\000\040\000f\000o\000u\000r\000\040\000e\000q\000u\000a\000t\000i\000o\000n\000s}{chapter.5}% 37
\BOOKMARK [1][-]{section.5.9}{\376\377\000O\000c\000t\000a\000n\000t\000\040\000p\000o\000o\000l\000i\000n\000g\000\040\000o\000f\000\040\000t\000h\000e\000\040\000M\000a\000x\000w\000e\000l\000l\000\040\000e\000q\000u\000a\000t\000i\000o\000n\000s\000\040\000a\000n\000d\000\040\000F\000=\000d\000A}{chapter.5}% 38
\BOOKMARK [1][-]{section.5.10}{\376\377\000T\000h\000e\000\040\000r\000u\000n\000n\000i\000n\000g\000\040\000o\000f\000\040\000e\000m}{chapter.5}% 39
\BOOKMARK [1][-]{section.5.11}{\376\377\000C\000o\000n\000t\000a\000c\000t\000\040\000w\000i\000t\000h\000\040\000o\000b\000s\000e\000r\000v\000a\000b\000l\000e\000\040\000p\000h\000y\000s\000i\000c\000s}{chapter.5}% 40
\BOOKMARK [1][-]{section.5.12}{\376\377\000L\000i\000m\000i\000t\000s\000:\000\040\000t\000h\000e\000\040\000v\000a\000l\000u\000e\000\040\000o\000f\000\040\000g\000\040\000i\000s\000\040\000n\000o\000t\000\040\000f\000i\000x\000e\000d}{chapter.5}% 41
\BOOKMARK [0][-]{chapter.6}{\376\377\000T\000h\000e\000\040\000r\000e\000a\000l\000\040\000s\000p\000i\000n\000o\000r}{}% 42
\BOOKMARK [1][-]{section.6.1}{\376\377\000T\000h\000e\000\040\000e\000i\000g\000h\000t\000-\000c\000o\000m\000p\000o\000n\000e\000n\000t\000\040\000r\000e\000a\000l\000\040\000s\000p\000i\000n\000o\000r}{chapter.6}% 43
\BOOKMARK [1][-]{section.6.2}{\376\377\000T\000h\000e\000\040\000F\000o\000c\000k\000\040\000c\000o\000n\000s\000t\000r\000u\000c\000t\000i\000o\000n}{chapter.6}% 44
\BOOKMARK [1][-]{section.6.3}{\376\377\000T\000h\000e\000\040\000h\000a\000l\000f\000-\000s\000p\000i\000n\000o\000r\000s\000\040\000a\000n\000d\000\040\000t\000h\000e\000\040\000o\000c\000t\000a\000n\000t\000\040\000m\000a\000p}{chapter.6}% 45
\BOOKMARK [1][-]{section.6.4}{\376\377\000T\000h\000e\000\040\000i\000n\000t\000e\000r\000i\000o\000r\000\040\000D\000i\000r\000a\000c\000\040\000o\000p\000e\000r\000a\000t\000o\000r}{chapter.6}% 46
\BOOKMARK [1][-]{section.6.5}{\376\377\000S\000p\000i\000n\000\040\000o\000n\000e\000-\000h\000a\000l\000f}{chapter.6}% 47
\BOOKMARK [1][-]{section.6.6}{\376\377\000C\000h\000i\000r\000a\000l\000i\000t\000y\000\040\000a\000n\000d\000\040\000t\000h\000e\000\040\000H\000o\000d\000g\000e\000\040\000m\000a\000p}{chapter.6}% 48
\BOOKMARK [1][-]{section.6.7}{\376\377\000C\000h\000a\000r\000g\000e\000\040\000c\000o\000n\000j\000u\000g\000a\000t\000i\000o\000n}{chapter.6}% 49
\BOOKMARK [1][-]{section.6.8}{\376\377\000G\000r\000a\000d\000e\000\040\000p\000a\000r\000i\000t\000y\000\040\000a\000n\000d\000\040\000t\000h\000e\000\040\000c\000o\000v\000a\000r\000i\000a\000n\000t\000\040\000m\000a\000s\000s}{chapter.6}% 50
\BOOKMARK [1][-]{section.6.9}{\376\377\000T\000h\000e\000\040\000d\000o\000u\000b\000l\000e\000\040\000c\000o\000v\000e\000r\000\040\000a\000n\000d\000\040\000t\000h\000e\000\040\000b\000r\000o\000k\000e\000n\000\040\000m\000i\000r\000r\000o\000r}{chapter.6}% 51
\BOOKMARK [1][-]{section.6.10}{\376\377\000T\000h\000e\000\040\000s\000p\000i\000n\000o\000r\000\040\000b\000u\000n\000d\000l\000e\000\040\000a\000n\000d\000\040\000i\000t\000s\000\040\000m\000o\000n\000o\000d\000r\000o\000m\000y}{chapter.6}% 52
\BOOKMARK [1][-]{section.6.11}{\376\377\000T\000h\000e\000\040\000w\000h\000o\000l\000e\000\040\000p\000a\000r\000t\000i\000c\000l\000e}{chapter.6}% 53
\BOOKMARK [1][-]{section.6.12}{\376\377\000T\000h\000e\000\040\000D\000i\000r\000a\000c\000\040\000s\000e\000a\000:\000\040\000t\000h\000e\000\040\000n\000e\000g\000a\000t\000i\000v\000e\000-\000e\000n\000e\000r\000g\000y\000\040\000v\000a\000c\000u\000u\000m}{chapter.6}% 54
\BOOKMARK [1][-]{section.6.13}{\376\377\000L\000i\000m\000i\000t\000s}{chapter.6}% 55
\BOOKMARK [0][-]{chapter.7}{\376\377\000M\000a\000s\000s\000\040\000a\000n\000d\000\040\000s\000y\000m\000m\000e\000t\000r\000y\000\040\000b\000r\000e\000a\000k\000i\000n\000g}{}% 56
\BOOKMARK [1][-]{section.7.1}{\376\377\000T\000h\000e\000\040\000c\000o\000v\000a\000r\000i\000a\000n\000t\000\040\000m\000a\000s\000s\000:\000\040\000t\000h\000e\000\040\000t\000r\000i\000v\000e\000c\000t\000o\000r\000\040\000s\000e\000c\000t\000o\000r}{chapter.7}% 57
\BOOKMARK [1][-]{section.7.2}{\376\377\000T\000h\000e\000\040\000H\000i\000g\000g\000s\000\040\000m\000e\000c\000h\000a\000n\000i\000s\000m\000\040\000f\000o\000r\000\040\000t\000h\000e\000\040\000w\000e\000a\000k\000\040\000b\000o\000s\000o\000n\000s}{chapter.7}% 58
\BOOKMARK [1][-]{section.7.3}{\376\377\000T\000h\000e\000\040\000c\000o\000n\000d\000e\000n\000s\000a\000t\000e\000\040\000a\000n\000d\000\040\000i\000t\000s\000\040\000o\000c\000t\000a\000n\000t\000\040\000s\000p\000e\000c\000t\000r\000u\000m}{chapter.7}% 59
\BOOKMARK [1][-]{section.7.4}{\376\377\000T\000h\000e\000\040\000o\000n\000e\000-\000l\000o\000o\000p\000\040\000e\000f\000f\000e\000c\000t\000i\000v\000e\000\040\000p\000o\000t\000e\000n\000t\000i\000a\000l}{chapter.7}% 60
\BOOKMARK [1][-]{section.7.5}{\376\377\000L\000i\000m\000i\000t\000s}{chapter.7}% 61
\BOOKMARK [0][-]{chapter.8}{\376\377\000T\000h\000e\000\040\000s\000t\000a\000t\000i\000s\000t\000i\000c\000a\000l\000\040\000p\000o\000l\000e}{}% 62
\BOOKMARK [1][-]{section.8.1}{\376\377\000T\000h\000e\000\040\000s\000p\000a\000c\000e\000\040\000o\000f\000\040\000c\000l\000o\000c\000k\000\040\000w\000e\000i\000g\000h\000t\000s}{chapter.8}% 63
\BOOKMARK [1][-]{section.8.2}{\376\377\000T\000h\000e\000\040\000F\000i\000s\000h\000e\000r\040\023\000R\000a\000o\000\040\000g\000e\000o\000m\000e\000t\000r\000y\000\040\000o\000f\000\040\000t\000h\000e\000\040\000s\000i\000m\000p\000l\000e\000x}{chapter.8}% 64
\BOOKMARK [1][-]{section.8.3}{\376\377\000T\000h\000e\000\040\000a\000m\000p\000l\000i\000t\000u\000d\000e\000\040\000m\000a\000p\000\040\000a\000n\000d\000\040\000t\000h\000e\000\040\000c\000o\000n\000d\000e\000n\000s\000a\000t\000e}{chapter.8}% 65
\BOOKMARK [1][-]{section.8.4}{\376\377\000D\000u\000a\000l\000\040\000c\000o\000n\000n\000e\000c\000t\000i\000o\000n\000s\000\040\000a\000n\000d\000\040\000t\000h\000e\000\040\000e\000n\000t\000r\000o\000p\000y\000\040\000a\000s\000\040\000a\000\040\000c\000a\000n\000o\000n\000i\000c\000a\000l\000\040\000p\000o\000t\000e\000n\000t\000i\000a\000l}{chapter.8}% 66
\BOOKMARK [1][-]{section.8.5}{\376\377\000M\000a\000x\000i\000m\000u\000m\000-\000e\000n\000t\000r\000o\000p\000y\000\040\000s\000e\000l\000e\000c\000t\000i\000o\000n\000\040\000o\000f\000\040\000t\000h\000e\000\040\000k\000e\000r\000n\000e\000l}{chapter.8}% 67
\BOOKMARK [1][-]{section.8.6}{\376\377\000T\000h\000e\000\040\000r\000e\000s\000i\000d\000u\000a\000l\000\040\000s\000y\000m\000m\000e\000t\000r\000y\000:\000\040\000W\000\050\000D\0003\000\051\000,\000\040\000n\000o\000t\000\040\000B\0003}{chapter.8}% 68
\BOOKMARK [1][-]{section.8.7}{\376\377\000L\000i\000m\000i\000t\000s}{chapter.8}% 69
\BOOKMARK [0][-]{chapter.9}{\376\377\000G\000h\000o\000s\000t\000\040\000a\000n\000d\000\040\000u\000n\000i\000t\000a\000r\000i\000t\000y}{}% 70
\BOOKMARK [1][-]{section.9.1}{\376\377\000T\000h\000e\000\040\000i\000n\000d\000e\000f\000i\000n\000i\000t\000e\000-\000k\000i\000n\000e\000t\000i\000c\000\040\000p\000r\000o\000b\000l\000e\000m}{chapter.9}% 71
\BOOKMARK [1][-]{section.9.2}{\376\377\000T\000h\000e\000\040\000r\000e\000a\000l\000-\000s\000y\000m\000m\000e\000t\000r\000i\000c\000\040\000i\000n\000t\000e\000r\000i\000o\000r\000\040\000H\000a\000m\000i\000l\000t\000o\000n\000i\000a\000n}{chapter.9}% 72
\BOOKMARK [1][-]{section.9.3}{\376\377\000T\000h\000e\000\040\000r\000e\000s\000i\000d\000u\000a\000l\000\040\000i\000n\000d\000e\000f\000i\000n\000i\000t\000e\000n\000e\000s\000s\000\040\000i\000s\000\040\000t\000h\000e\000\040\000o\000r\000d\000i\000n\000a\000r\000y\000\040\000D\000i\000r\000a\000c\000\040\000o\000n\000e}{chapter.9}% 73
\BOOKMARK [1][-]{section.9.4}{\376\377\000T\000h\000e\000\040\000p\000h\000y\000s\000i\000c\000a\000l\000\040\000m\000a\000s\000s\000\040\000o\000p\000e\000r\000a\000t\000o\000r\000\040\000a\000n\000d\000\040\000t\000h\000e\000\040\000t\000r\000u\000e\000\040\000o\000b\000s\000t\000r\000u\000c\000t\000i\000o\000n}{chapter.9}% 74
\BOOKMARK [1][-]{section.9.5}{\376\377\000T\000h\000e\000\040\000s\000u\000r\000p\000l\000u\000s\000-\000t\000i\000m\000e\000\040\000c\000o\000n\000s\000t\000r\000a\000i\000n\000t\000s\000\040\000a\000n\000d\000\040\000r\000e\000f\000l\000e\000c\000t\000i\000o\000n\000\040\000p\000o\000s\000i\000t\000i\000v\000i\000t\000y}{chapter.9}% 75
\BOOKMARK [1][-]{section.9.6}{\376\377\000N\000e\000w\000t\000o\000n\000'\000s\000\040\000t\000h\000i\000r\000d\000\040\000l\000a\000w\000\040\000a\000s\000\040\000a\000\040\000c\000o\000n\000s\000e\000r\000v\000a\000t\000i\000o\000n\000\040\000l\000a\000w}{chapter.9}% 76
\BOOKMARK [1][-]{section.9.7}{\376\377\000L\000i\000m\000i\000t\000s}{chapter.9}% 77
\BOOKMARK [0][-]{chapter.10}{\376\377\000T\000h\000e\000\040\000M\0006\000M\0004\000\040\000g\000r\000a\000v\000i\000t\000y\000\040\000l\000i\000f\000t}{}% 78
\BOOKMARK [1][-]{section.10.1}{\376\377\000T\000h\000e\000\040\000q\000u\000e\000s\000t\000i\000o\000n}{chapter.10}% 79
\BOOKMARK [1][-]{section.10.2}{\376\377\000T\000h\000e\000\040\000i\000n\000d\000e\000f\000i\000n\000i\000t\000e\000\040\000c\000o\000n\000t\000e\000n\000t\000\040\000i\000s\000\040\000e\000x\000a\000c\000t\000l\000y\000\040\000t\000w\000o\000\040\000s\000u\000r\000p\000l\000u\000s\000\040\000b\000o\000o\000s\000t\000s}{chapter.10}% 80
\BOOKMARK [1][-]{section.10.3}{\376\377\000T\000h\000e\000\040\000m\000a\000s\000t\000e\000r\000\040\000c\000o\000n\000s\000t\000r\000a\000i\000n\000t\000\040\000i\000d\000e\000n\000t\000i\000t\000y\000\040\000a\000n\000d\000\040\000t\000h\000e\000\040\000K\000i\000l\000l\000i\000n\000g\000\040\000c\000l\000o\000s\000u\000r\000e}{chapter.10}% 81
\BOOKMARK [1][-]{section.10.4}{\376\377\000T\000h\000e\000\040\000r\000e\000d\000u\000c\000t\000i\000o\000n\000\040\000T\000*\000M\0006\000T\000*\000M\0004}{chapter.10}% 82
\BOOKMARK [1][-]{section.10.5}{\376\377\000T\000h\000e\000\040\000g\000r\000a\000v\000i\000p\000h\000o\000t\000o\000n\000\040\000s\000i\000g\000n\000s\000\040\000a\000n\000d\000\040\000t\000h\000e\000i\000r\000\040\000r\000e\000s\000o\000l\000u\000t\000i\000o\000n}{chapter.10}% 83
\BOOKMARK [1][-]{section.10.6}{\376\377\000T\000h\000e\000\040\000i\000n\000t\000e\000r\000n\000a\000l\000\040\000m\000o\000d\000u\000l\000i\000\040\000a\000r\000e\000\040\000h\000e\000a\000l\000t\000h\000y}{chapter.10}% 84
\BOOKMARK [1][-]{section.10.7}{\376\377\000T\000h\000e\000\040\000s\000p\000i\000n\000o\000r\000\040\000c\000l\000o\000s\000u\000r\000e}{chapter.10}% 85
\BOOKMARK [1][-]{section.10.8}{\376\377\000T\000h\000e\000\040\000g\000h\000o\000s\000t\000-\000f\000r\000e\000e\000\040\000v\000e\000r\000d\000i\000c\000t\000\040\000a\000n\000d\000\040\000l\000i\000m\000i\000t\000s}{chapter.10}% 86
\BOOKMARK [0][-]{chapter.11}{\376\377\000O\000p\000e\000n\000\040\000p\000r\000o\000b\000l\000e\000m\000s\000\040\000a\000n\000d\000\040\000o\000u\000t\000l\000o\000o\000k}{}% 87
\BOOKMARK [1][-]{section.11.1}{\376\377\000T\000h\000e\000\040\000v\000a\000l\000u\000e\000\040\000o\000f\000\040\000t\000h\000e\000\040\000e\000l\000e\000c\000t\000r\000o\000m\000a\000g\000n\000e\000t\000i\000c\000\040\000c\000o\000u\000p\000l\000i\000n\000g}{chapter.11}% 88
\BOOKMARK [1][-]{section.11.2}{\376\377\000T\000h\000e\000\040\000v\000a\000c\000u\000u\000m\000\040\000c\000o\000u\000p\000l\000i\000n\000g\000s\000\040\000v\000\040\000a\000n\000d\000\040\000g\0003}{chapter.11}% 89
\BOOKMARK [1][-]{section.11.3}{\376\377\000T\000h\000e\000\040\000i\000n\000t\000e\000r\000a\000c\000t\000i\000n\000g\000\040\000f\000e\000r\000m\000i\000o\000n\000\040\000m\000a\000s\000s\000\040\000g\000a\000p}{chapter.11}% 90
\BOOKMARK [1][-]{section.11.4}{\376\377\000G\000l\000o\000b\000a\000l\000i\000z\000a\000t\000i\000o\000n\000\040\000o\000f\000\040\000t\000h\000e\000\040\000g\000r\000a\000v\000i\000t\000y\000\040\000l\000i\000f\000t}{chapter.11}% 91
\BOOKMARK [1][-]{section.11.5}{\376\377\000T\000h\000e\000\040\000f\000u\000l\000l\000-\000C\000l\000\050\0003\000,\0003\000\051\000\040\000l\000i\000f\000t\000\040\000o\000f\000\040\000t\000h\000e\000\040\000m\000i\000n\000i\000m\000a\000l\000-\000m\000o\000d\000e\000l\000\040\000r\000e\000s\000u\000l\000t\000s}{chapter.11}% 92
\BOOKMARK [1][-]{section.11.6}{\376\377\000M\000o\000n\000o\000p\000o\000l\000e\000\040\000c\000o\000m\000p\000a\000t\000i\000b\000i\000l\000i\000t\000y}{chapter.11}% 93
\BOOKMARK [1][-]{section.11.7}{\376\377\000P\000o\000s\000i\000t\000i\000o\000n\000i\000n\000g\000\040\000a\000n\000d\000\040\000o\000u\000t\000l\000o\000o\000k}{chapter.11}% 94
\BOOKMARK [0][-]{chapter*.15}{\376\377\000C\000o\000n\000c\000l\000u\000s\000i\000o\000n}{}% 95
\BOOKMARK [0][-]{appendix.A}{\376\377\000O\000c\000t\000a\000n\000t\000\040\000p\000o\000o\000l\000i\000n\000g\000\040\000o\000f\000\040\000M\000a\000x\000w\000e\000l\000l\000'\000s\000\040\000e\000q\000u\000a\000t\000i\000o\000n\000s}{}% 96
\BOOKMARK [0][-]{appendix.B}{\376\377\000T\000h\000e\000\040\000g\000h\000o\000s\000t\000-\000f\000r\000e\000e\000\040\000d\000e\000r\000i\000v\000a\000t\000i\000o\000n}{}% 97
\BOOKMARK [0][-]{appendix.C}{\376\377\000T\000h\000e\000\040\000p\000h\000y\000s\000i\000c\000a\000l\000\040\000m\000a\000s\000s\000\040\000o\000p\000e\000r\000a\000t\000o\000r}{}% 98
\BOOKMARK [0][-]{appendix.D}{\376\377\000T\000h\000e\000\040\000g\000r\000a\000v\000i\000t\000y\000-\000l\000i\000f\000t\000\040\000c\000o\000n\000s\000t\000r\000a\000i\000n\000t\000\040\000c\000l\000o\000s\000u\000r\000e}{}% 99
\BOOKMARK [0][-]{appendix.E}{\376\377\000T\000h\000e\000\040\000g\000h\000o\000s\000t\000-\000f\000r\000e\000e\000\040\000d\000i\000m\000e\000n\000s\000i\000o\000n\000a\000l\000\040\000r\000e\000d\000u\000c\000t\000i\000o\000n}{}% 100
\BOOKMARK [0][-]{appendix.F}{\376\377\000E\000x\000p\000l\000i\000c\000i\000t\000\040\000m\000a\000c\000h\000i\000n\000e\000-\000v\000e\000r\000i\000f\000i\000e\000d\000\040\000d\000e\000r\000i\000v\000a\000t\000i\000o\000n\000s}{}% 101
\BOOKMARK [1][-]{section.F.1}{\376\377\000W\000o\000r\000k\000e\000d\000\040\000d\000e\000r\000i\000v\000a\000t\000i\000o\000n\000s}{appendix.F}% 102
\BOOKMARK [2][-]{subsection.F.1.1}{\376\377\000T\000h\000e\000\040\000e\000l\000e\000c\000t\000r\000o\000m\000a\000g\000n\000e\000t\000i\000c\000\040\000g\000e\000n\000e\000r\000a\000t\000o\000r\000\040\000i\000s\000\040\000f\000o\000r\000c\000e\000d\000\040\000u\000n\000i\000q\000u\000e\000l\000y}{section.F.1}% 103
\BOOKMARK [2][-]{subsection.F.1.2}{\376\377\000C\000h\000a\000r\000g\000e\000\040\000q\000u\000a\000n\000t\000i\000z\000a\000t\000i\000o\000n\000\040\000f\000r\000o\000m\000\040\000t\000h\000e\000\040\000s\000p\000e\000c\000t\000r\000u\000m\000\040\000o\000f\000\040\000J}{section.F.1}% 104
\BOOKMARK [2][-]{subsection.F.1.3}{\376\377\000T\000h\000e\000\040\000r\000e\000l\000a\000t\000i\000v\000i\000s\000t\000i\000c\000\040\000d\000i\000s\000p\000e\000r\000s\000i\000o\000n\000\040\000r\000e\000l\000a\000t\000i\000o\000n}{section.F.1}% 105
\BOOKMARK [2][-]{subsection.F.1.4}{\376\377\000T\000h\000e\000\040\000D\000i\000r\000a\000c\000\040\000p\000a\000i\000r\000i\000n\000g\000\040\000a\000n\000d\000\040\000t\000h\000e\000\040\000L\000o\000r\000e\000n\000t\000z\000i\000a\000n\000\040\000s\000i\000g\000n\000a\000t\000u\000r\000e}{section.F.1}% 106
\BOOKMARK [2][-]{subsection.F.1.5}{\376\377\000T\000h\000e\000\040\000g\000r\000a\000v\000i\000t\000a\000t\000i\000o\000n\000a\000l\000\040\000d\000o\000u\000b\000l\000e\000-\000c\000o\000n\000t\000r\000a\000c\000t\000i\000o\000n}{section.F.1}% 107
\BOOKMARK [2][-]{subsection.F.1.6}{\376\377\000F\000i\000r\000s\000t\000-\000c\000l\000a\000s\000s\000\040\000c\000l\000o\000s\000u\000r\000e\000\040\000i\000s\000\040\000e\000q\000u\000i\000v\000a\000l\000e\000n\000t\000\040\000t\000o\000\040\000t\000h\000e\000\040\000K\000i\000l\000l\000i\000n\000g\000\040\000c\000o\000n\000d\000i\000t\000i\000o\000n}{section.F.1}% 108
\BOOKMARK [1][-]{section.F.2}{\376\377\000S\000u\000m\000m\000a\000r\000y\000\040\000o\000f\000\040\000v\000e\000r\000i\000f\000i\000e\000d\000\040\000i\000d\000e\000n\000t\000i\000t\000i\000e\000s}{appendix.F}% 109
\BOOKMARK [0][-]{appendix.G}{\376\377\000A\000n\000\040\000i\000n\000d\000e\000x\000\040\000o\000f\000\040\000t\000r\000i\000v\000i\000a\000l\000\040\000a\000n\000d\000\040\000h\000e\000u\000r\000i\000s\000t\000i\000c\000\040\000r\000e\000s\000u\000l\000t\000s}{}% 110
\BOOKMARK [1][-]{section.G.1}{\376\377\000T\000h\000e\000\040\000e\000x\000t\000e\000n\000s\000i\000v\000e\000\040\000m\000a\000s\000s\000\040\000a\000s\000\040\000c\000l\000a\000s\000s\000i\000c\000a\000l\000-\000p\000h\000y\000s\000i\000c\000s\000\040\000p\000h\000i\000l\000o\000s\000o\000p\000h\000y}{appendix.G}% 111
\BOOKMARK [1][-]{section.G.2}{\376\377\000T\000h\000e\000\040\000m\000o\000m\000e\000n\000t\000u\000m\040\023\000f\000o\000r\000c\000e\040\023\000e\000n\000e\000r\000g\000y\000\040\000t\000o\000w\000e\000r}{appendix.G}% 112
\BOOKMARK [1][-]{section.G.3}{\376\377\000N\000e\000w\000t\000o\000n\000'\000s\000\040\000f\000i\000r\000s\000t\000\040\000l\000a\000w\000:\000\040\000t\000h\000e\000\040\000i\000n\000e\000r\000t\000i\000a\000l\000\040\000l\000i\000m\000i\000t}{appendix.G}% 113
\BOOKMARK [1][-]{section.G.4}{\376\377\000T\000h\000e\000\040\000m\000a\000s\000s\000-\000s\000h\000e\000l\000l\000\040\000a\000n\000d\000\040\000t\000h\000e\000\040\000r\000e\000l\000a\000t\000i\000o\000n\000s\000h\000i\000p\000\040\000t\000o\000\040\000s\000p\000e\000c\000i\000a\000l\000\040\000r\000e\000l\000a\000t\000i\000v\000i\000t\000y}{appendix.G}% 114
\BOOKMARK [1][-]{section.G.5}{\376\377\000T\000h\000e\000\040\000f\000i\000x\000e\000d\000-\000p\000o\000i\000n\000t\000\040\000s\000c\000r\000u\000t\000i\000n\000y\000:\000\040\000w\000h\000i\000c\000h\000\040\000b\000i\000v\000e\000c\000t\000o\000r\000s\000\040\000t\000h\000e\000\040\000o\000c\000t\000a\000n\000t\000\040\000g\000r\000o\000u\000p\000\040\000f\000i\000x\000e\000s}{appendix.G}% 115
\BOOKMARK [0][-]{appendix*.61}{\376\377\000B\000i\000b\000l\000i\000o\000g\000r\000a\000p\000h\000y}{}% 116
